21:09:11.308 [main] INFO  com.urbanladder.runner.runner - trail of log part1
21:09:23.203 [main] INFO  com.urbanladder.runner.runner - trail of log part2
21:27:38.895 [main] INFO  com.urbanladder.runner.runner - trail of log part1
21:27:55.206 [main] INFO  com.urbanladder.runner.runner - trail of log part2
21:28:42.014 [main] INFO  com.urbanladder.runner.runner - trail of log part1
21:28:53.077 [main] INFO  com.urbanladder.runner.runner - trail of log part2
13:31:29.374 [main] INFO  com.urbanladder.runner.runner - logged in rithik
13:31:36.444 [main] INFO  com.urbanladder.runner.runner - searched for dining table and verified it
13:31:49.031 [main] INFO  com.urbanladder.runner.runner - clicked on sale and verfied it
13:31:57.715 [main] INFO  com.urbanladder.runner.runner - clicked on living and verfied it
13:32:06.143 [main] INFO  com.urbanladder.runner.runner - clicked on bedroom and verfied it
13:32:14.792 [main] INFO  com.urbanladder.runner.runner - clicked on storage and verfied it
13:32:23.375 [main] INFO  com.urbanladder.runner.runner - clicked on study and verfied it
13:32:31.691 [main] INFO  com.urbanladder.runner.runner - clicked on kids and verfied it
13:32:41.485 [main] INFO  com.urbanladder.runner.runner - clicked on giftcard and printed title of it
13:32:43.845 [main] INFO  com.urbanladder.runner.runner - clicked on bulkorder and verified page title 
00:02:12.896 [main] INFO  com.urbanladder.runner.runner - logged in rithik
00:02:18.283 [main] INFO  com.urbanladder.runner.runner - searched for dining table and verified it
00:02:28.156 [main] INFO  com.urbanladder.runner.runner - clicked on sale and verfied it
00:02:37.677 [main] INFO  com.urbanladder.runner.runner - clicked on living and verfied it
00:02:46.814 [main] INFO  com.urbanladder.runner.runner - clicked on bedroom and verfied it
00:02:56.364 [main] INFO  com.urbanladder.runner.runner - clicked on storage and verfied it
00:03:05.008 [main] INFO  com.urbanladder.runner.runner - clicked on study and verfied it
00:03:13.635 [main] INFO  com.urbanladder.runner.runner - clicked on kids and verfied it
00:03:23.582 [main] INFO  com.urbanladder.runner.runner - clicked on giftcard and printed title of it
00:03:26.086 [main] INFO  com.urbanladder.runner.runner - clicked on bulkorder and verified page title 
